<?xml version="1.0" encoding="UTF-8"?>
<testsuite xmlns:xsi="http://www.w3.org/2001/XMLSchema-instance" xsi:noNamespaceSchemaLocation="https://maven.apache.org/surefire/maven-surefire-plugin/xsd/surefire-test-report-3.0.xsd" version="3.0" name="TestSuite" time="10.134" tests="4" errors="0" skipped="0" failures="0">
  <properties>
    <property name="java.specification.version" value="17"/>
    <property name="sun.jnu.encoding" value="UTF-8"/>
    <property name="java.class.path" value="/home/user/eclipse-workspace/RestAssured/target/test-classes:/home/user/eclipse-workspace/RestAssured/target/classes:/home/user/.m2/repository/io/rest-assured/rest-assured/5.5.5/rest-assured-5.5.5.jar:/home/user/.m2/repository/org/apache/groovy/groovy/4.0.22/groovy-4.0.22.jar:/home/user/.m2/repository/org/apache/groovy/groovy-xml/4.0.22/groovy-xml-4.0.22.jar:/home/user/.m2/repository/org/apache/httpcomponents/httpclient/4.5.13/httpclient-4.5.13.jar:/home/user/.m2/repository/org/apache/httpcomponents/httpcore/4.4.13/httpcore-4.4.13.jar:/home/user/.m2/repository/commons-logging/commons-logging/1.2/commons-logging-1.2.jar:/home/user/.m2/repository/org/apache/httpcomponents/httpmime/4.5.13/httpmime-4.5.13.jar:/home/user/.m2/repository/org/hamcrest/hamcrest/2.2/hamcrest-2.2.jar:/home/user/.m2/repository/org/ccil/cowan/tagsoup/tagsoup/1.2.1/tagsoup-1.2.1.jar:/home/user/.m2/repository/io/rest-assured/json-path/5.5.5/json-path-5.5.5.jar:/home/user/.m2/repository/org/apache/groovy/groovy-json/4.0.22/groovy-json-4.0.22.jar:/home/user/.m2/repository/io/rest-assured/rest-assured-common/5.5.5/rest-assured-common-5.5.5.jar:/home/user/.m2/repository/io/rest-assured/xml-path/5.5.5/xml-path-5.5.5.jar:/home/user/.m2/repository/org/apache/poi/poi/5.4.1/poi-5.4.1.jar:/home/user/.m2/repository/commons-codec/commons-codec/1.18.0/commons-codec-1.18.0.jar:/home/user/.m2/repository/org/apache/commons/commons-collections4/4.4/commons-collections4-4.4.jar:/home/user/.m2/repository/org/apache/commons/commons-math3/3.6.1/commons-math3-3.6.1.jar:/home/user/.m2/repository/commons-io/commons-io/2.18.0/commons-io-2.18.0.jar:/home/user/.m2/repository/com/zaxxer/SparseBitSet/1.3/SparseBitSet-1.3.jar:/home/user/.m2/repository/org/apache/poi/poi-ooxml/5.4.1/poi-ooxml-5.4.1.jar:/home/user/.m2/repository/org/apache/poi/poi-ooxml-lite/5.4.1/poi-ooxml-lite-5.4.1.jar:/home/user/.m2/repository/org/apache/xmlbeans/xmlbeans/5.3.0/xmlbeans-5.3.0.jar:/home/user/.m2/repository/org/apache/commons/commons-compress/1.27.1/commons-compress-1.27.1.jar:/home/user/.m2/repository/com/github/virtuald/curvesapi/1.08/curvesapi-1.08.jar:/home/user/.m2/repository/org/apache/logging/log4j/log4j-api/2.20.0/log4j-api-2.20.0.jar:/home/user/.m2/repository/org/apache/logging/log4j/log4j-core/2.20.0/log4j-core-2.20.0.jar:/home/user/.m2/repository/com/github/javafaker/javafaker/1.0.2/javafaker-1.0.2.jar:/home/user/.m2/repository/org/apache/commons/commons-lang3/3.5/commons-lang3-3.5.jar:/home/user/.m2/repository/org/yaml/snakeyaml/1.23/snakeyaml-1.23-android.jar:/home/user/.m2/repository/com/github/mifmif/generex/1.0.2/generex-1.0.2.jar:/home/user/.m2/repository/dk/brics/automaton/automaton/1.11-8/automaton-1.11-8.jar:/home/user/.m2/repository/com/aventstack/extentreports/5.1.1/extentreports-5.1.1.jar:/home/user/.m2/repository/io/reactivex/rxjava3/rxjava/3.1.6/rxjava-3.1.6.jar:/home/user/.m2/repository/org/reactivestreams/reactive-streams/1.0.4/reactive-streams-1.0.4.jar:/home/user/.m2/repository/org/freemarker/freemarker/2.3.32/freemarker-2.3.32.jar:/home/user/.m2/repository/org/projectlombok/lombok/1.18.26/lombok-1.18.26.jar:/home/user/.m2/repository/com/google/code/gson/gson/2.10.1/gson-2.10.1.jar:/home/user/.m2/repository/org/testng/testng/7.11.0/testng-7.11.0.jar:/home/user/.m2/repository/org/slf4j/slf4j-api/2.0.16/slf4j-api-2.0.16.jar:/home/user/.m2/repository/org/jcommander/jcommander/1.83/jcommander-1.83.jar:/home/user/.m2/repository/org/webjars/jquery/3.7.1/jquery-3.7.1.jar:/home/user/.m2/repository/com/fasterxml/jackson/core/jackson-databind/2.19.1/jackson-databind-2.19.1.jar:/home/user/.m2/repository/com/fasterxml/jackson/core/jackson-annotations/2.19.1/jackson-annotations-2.19.1.jar:/home/user/.m2/repository/com/fasterxml/jackson/core/jackson-core/2.19.1/jackson-core-2.19.1.jar:"/>
    <property name="java.vm.vendor" value="Ubuntu"/>
    <property name="sun.arch.data.model" value="32"/>
    <property name="java.vendor.url" value="https://ubuntu.com/"/>
    <property name="user.timezone" value="Asia/Kolkata"/>
    <property name="os.name" value="Linux"/>
    <property name="java.vm.specification.version" value="17"/>
    <property name="sun.java.launcher" value="SUN_STANDARD"/>
    <property name="user.country" value="IN"/>
    <property name="sun.boot.library.path" value="/usr/lib/jvm/java-17-openjdk-i386/lib"/>
    <property name="sun.java.command" value="/home/user/eclipse-workspace/RestAssured/target/surefire/surefirebooter2670186524689950627.jar /home/user/eclipse-workspace/RestAssured/target/surefire 2025-07-22T21-32-15_702-jvmRun1 surefire9980064461483554518tmp surefire_09062896873651076708tmp"/>
    <property name="jdk.debug" value="release"/>
    <property name="surefire.test.class.path" value="/home/user/eclipse-workspace/RestAssured/target/test-classes:/home/user/eclipse-workspace/RestAssured/target/classes:/home/user/.m2/repository/io/rest-assured/rest-assured/5.5.5/rest-assured-5.5.5.jar:/home/user/.m2/repository/org/apache/groovy/groovy/4.0.22/groovy-4.0.22.jar:/home/user/.m2/repository/org/apache/groovy/groovy-xml/4.0.22/groovy-xml-4.0.22.jar:/home/user/.m2/repository/org/apache/httpcomponents/httpclient/4.5.13/httpclient-4.5.13.jar:/home/user/.m2/repository/org/apache/httpcomponents/httpcore/4.4.13/httpcore-4.4.13.jar:/home/user/.m2/repository/commons-logging/commons-logging/1.2/commons-logging-1.2.jar:/home/user/.m2/repository/org/apache/httpcomponents/httpmime/4.5.13/httpmime-4.5.13.jar:/home/user/.m2/repository/org/hamcrest/hamcrest/2.2/hamcrest-2.2.jar:/home/user/.m2/repository/org/ccil/cowan/tagsoup/tagsoup/1.2.1/tagsoup-1.2.1.jar:/home/user/.m2/repository/io/rest-assured/json-path/5.5.5/json-path-5.5.5.jar:/home/user/.m2/repository/org/apache/groovy/groovy-json/4.0.22/groovy-json-4.0.22.jar:/home/user/.m2/repository/io/rest-assured/rest-assured-common/5.5.5/rest-assured-common-5.5.5.jar:/home/user/.m2/repository/io/rest-assured/xml-path/5.5.5/xml-path-5.5.5.jar:/home/user/.m2/repository/org/apache/poi/poi/5.4.1/poi-5.4.1.jar:/home/user/.m2/repository/commons-codec/commons-codec/1.18.0/commons-codec-1.18.0.jar:/home/user/.m2/repository/org/apache/commons/commons-collections4/4.4/commons-collections4-4.4.jar:/home/user/.m2/repository/org/apache/commons/commons-math3/3.6.1/commons-math3-3.6.1.jar:/home/user/.m2/repository/commons-io/commons-io/2.18.0/commons-io-2.18.0.jar:/home/user/.m2/repository/com/zaxxer/SparseBitSet/1.3/SparseBitSet-1.3.jar:/home/user/.m2/repository/org/apache/poi/poi-ooxml/5.4.1/poi-ooxml-5.4.1.jar:/home/user/.m2/repository/org/apache/poi/poi-ooxml-lite/5.4.1/poi-ooxml-lite-5.4.1.jar:/home/user/.m2/repository/org/apache/xmlbeans/xmlbeans/5.3.0/xmlbeans-5.3.0.jar:/home/user/.m2/repository/org/apache/commons/commons-compress/1.27.1/commons-compress-1.27.1.jar:/home/user/.m2/repository/com/github/virtuald/curvesapi/1.08/curvesapi-1.08.jar:/home/user/.m2/repository/org/apache/logging/log4j/log4j-api/2.20.0/log4j-api-2.20.0.jar:/home/user/.m2/repository/org/apache/logging/log4j/log4j-core/2.20.0/log4j-core-2.20.0.jar:/home/user/.m2/repository/com/github/javafaker/javafaker/1.0.2/javafaker-1.0.2.jar:/home/user/.m2/repository/org/apache/commons/commons-lang3/3.5/commons-lang3-3.5.jar:/home/user/.m2/repository/org/yaml/snakeyaml/1.23/snakeyaml-1.23-android.jar:/home/user/.m2/repository/com/github/mifmif/generex/1.0.2/generex-1.0.2.jar:/home/user/.m2/repository/dk/brics/automaton/automaton/1.11-8/automaton-1.11-8.jar:/home/user/.m2/repository/com/aventstack/extentreports/5.1.1/extentreports-5.1.1.jar:/home/user/.m2/repository/io/reactivex/rxjava3/rxjava/3.1.6/rxjava-3.1.6.jar:/home/user/.m2/repository/org/reactivestreams/reactive-streams/1.0.4/reactive-streams-1.0.4.jar:/home/user/.m2/repository/org/freemarker/freemarker/2.3.32/freemarker-2.3.32.jar:/home/user/.m2/repository/org/projectlombok/lombok/1.18.26/lombok-1.18.26.jar:/home/user/.m2/repository/com/google/code/gson/gson/2.10.1/gson-2.10.1.jar:/home/user/.m2/repository/org/testng/testng/7.11.0/testng-7.11.0.jar:/home/user/.m2/repository/org/slf4j/slf4j-api/2.0.16/slf4j-api-2.0.16.jar:/home/user/.m2/repository/org/jcommander/jcommander/1.83/jcommander-1.83.jar:/home/user/.m2/repository/org/webjars/jquery/3.7.1/jquery-3.7.1.jar:/home/user/.m2/repository/com/fasterxml/jackson/core/jackson-databind/2.19.1/jackson-databind-2.19.1.jar:/home/user/.m2/repository/com/fasterxml/jackson/core/jackson-annotations/2.19.1/jackson-annotations-2.19.1.jar:/home/user/.m2/repository/com/fasterxml/jackson/core/jackson-core/2.19.1/jackson-core-2.19.1.jar:"/>
    <property name="sun.cpu.endian" value="little"/>
    <property name="user.home" value="/home/user"/>
    <property name="user.language" value="en"/>
    <property name="java.specification.vendor" value="Oracle Corporation"/>
    <property name="java.version.date" value="2025-04-15"/>
    <property name="java.home" value="/usr/lib/jvm/java-17-openjdk-i386"/>
    <property name="file.separator" value="/"/>
    <property name="basedir" value="/home/user/eclipse-workspace/RestAssured"/>
    <property name="line.separator" value="&#10;"/>
    <property name="java.vm.specification.vendor" value="Oracle Corporation"/>
    <property name="java.specification.name" value="Java Platform API Specification"/>
    <property name="surefire.real.class.path" value="/home/user/eclipse-workspace/RestAssured/target/surefire/surefirebooter2670186524689950627.jar"/>
    <property name="sun.management.compiler" value="HotSpot Tiered Compilers"/>
    <property name="java.runtime.version" value="17.0.15+6-Ubuntu-0ubuntu120.04"/>
    <property name="user.name" value="user"/>
    <property name="path.separator" value=":"/>
    <property name="os.version" value="5.15.0-139-generic"/>
    <property name="java.runtime.name" value="OpenJDK Runtime Environment"/>
    <property name="file.encoding" value="UTF-8"/>
    <property name="java.vm.name" value="OpenJDK Server VM"/>
    <property name="localRepository" value="/home/user/.m2/repository"/>
    <property name="java.vendor.url.bug" value="https://bugs.launchpad.net/ubuntu/+source/openjdk-17"/>
    <property name="java.io.tmpdir" value="/tmp"/>
    <property name="java.version" value="17.0.15"/>
    <property name="user.dir" value="/home/user/eclipse-workspace/RestAssured"/>
    <property name="os.arch" value="i386"/>
    <property name="java.vm.specification.name" value="Java Virtual Machine Specification"/>
    <property name="native.encoding" value="UTF-8"/>
    <property name="java.library.path" value="/usr/java/packages/lib:/usr/lib/i386-linux-gnu/jni:/lib/i386-linux-gnu:/usr/lib/i386-linux-gnu:/usr/lib/jni:/lib:/usr/lib"/>
    <property name="java.vm.info" value="mixed mode, sharing"/>
    <property name="java.vendor" value="Ubuntu"/>
    <property name="java.vm.version" value="17.0.15+6-Ubuntu-0ubuntu120.04"/>
    <property name="java.specification.maintenance.version" value="1"/>
    <property name="sun.io.unicode.encoding" value="UnicodeLittle"/>
    <property name="java.class.version" value="61.0"/>
  </properties>
  <testcase name="testcreateuser" classname="api.testcases.UserTest" time="2.76">
    <system-out><![CDATA[on start method invoked...
Create Data
HTTP/1.1 200 OK
Date: Tue, 22 Jul 2025 16:02:19 GMT
Content-Type: application/json
Transfer-Encoding: chunked
Connection: keep-alive
Access-Control-Allow-Origin: *
Access-Control-Allow-Methods: GET, POST, DELETE, PUT
Access-Control-Allow-Headers: Content-Type, api_key, Authorization
Server: Jetty(9.2.9.v20150224)

{
    "code": 200,
    "type": "unknown",
    "message": "4182120"
}
Name of test method sucessfully executed:testcreateuser
]]></system-out>
    <system-err><![CDATA[SLF4J(W): No SLF4J providers were found.
SLF4J(W): Defaulting to no-operation (NOP) logger implementation
SLF4J(W): See https://www.slf4j.org/codes.html#noProviders for further details.
]]></system-err>
  </testcase>
  <testcase name="testgetUserData" classname="api.testcases.UserTest" time="1.658">
    <system-out><![CDATA[Get Data
HTTP/1.1 200 OK
Date: Tue, 22 Jul 2025 16:02:20 GMT
Content-Type: application/json
Transfer-Encoding: chunked
Connection: keep-alive
Access-Control-Allow-Origin: *
Access-Control-Allow-Methods: GET, POST, DELETE, PUT
Access-Control-Allow-Headers: Content-Type, api_key, Authorization
Server: Jetty(9.2.9.v20150224)

{
    "id": 4182120,
    "username": "tula.vandervort",
    "firstName": "Matthew",
    "lastName": "Jacobs",
    "email": "cathryn.satterfield@example.com",
    "password": "yez8lnl09",
    "phone": "905.292.6189",
    "userStatus": 0
}
Name of test method sucessfully executed:testgetUserData
]]></system-out>
  </testcase>
  <testcase name="testputUserData" classname="api.testcases.UserTest" time="3.27">
    <system-out><![CDATA[Update Data
HTTP/1.1 200 OK
Date: Tue, 22 Jul 2025 16:02:22 GMT
Content-Type: application/json
Transfer-Encoding: chunked
Connection: keep-alive
Access-Control-Allow-Origin: *
Access-Control-Allow-Methods: GET, POST, DELETE, PUT
Access-Control-Allow-Headers: Content-Type, api_key, Authorization
Server: Jetty(9.2.9.v20150224)

{
    "code": 200,
    "type": "unknown",
    "message": "4182120"
}
After update post
Get Data
HTTP/1.1 200 OK
Date: Tue, 22 Jul 2025 16:02:24 GMT
Content-Type: application/json
Transfer-Encoding: chunked
Connection: keep-alive
Access-Control-Allow-Origin: *
Access-Control-Allow-Methods: GET, POST, DELETE, PUT
Access-Control-Allow-Headers: Content-Type, api_key, Authorization
Server: Jetty(9.2.9.v20150224)

{
    "id": 4182120,
    "username": "tula.vandervort",
    "firstName": "Van",
    "lastName": "Jacobs",
    "email": "cathryn.satterfield@example.com",
    "password": "yez8lnl09",
    "phone": "905.292.6189",
    "userStatus": 0
}
Name of test method sucessfully executed:testputUserData
]]></system-out>
  </testcase>
  <testcase name="testdeleteUserData" classname="api.testcases.UserTest" time="1.64">
    <system-out><![CDATA[Delete Data
HTTP/1.1 200 OK
Date: Tue, 22 Jul 2025 16:02:25 GMT
Content-Type: application/json
Transfer-Encoding: chunked
Connection: keep-alive
Access-Control-Allow-Origin: *
Access-Control-Allow-Methods: GET, POST, DELETE, PUT
Access-Control-Allow-Headers: Content-Type, api_key, Authorization
Server: Jetty(9.2.9.v20150224)

{
    "code": 200,
    "type": "unknown",
    "message": "tula.vandervort"
}
Name of test method sucessfully executed:testdeleteUserData
]]></system-out>
  </testcase>
</testsuite>