<?xml version="1.0" encoding="UTF-8"?>
<!-- Generated by org.testng.reporters.JUnitReportReporter -->
<testsuite hostname="LAP000317" failures="0" tests="1" name="Com.test.TestR" time="2.616" errors="0" timestamp="2025-07-10T23:59:41 IST" skipped="0">
  <testcase classname="Com.test.TestR" name="Test" time="2.616"/>
</testsuite> <!-- Com.test.TestR -->
